<?xml version="1.0" encoding="UTF-8"?>
<testsuite name="SILab2Test" tests="2" skipped="0" failures="0" errors="0" timestamp="2023-05-28T12:19:01" hostname="LUCIJA" time="0.044">
  <properties/>
  <testcase name="everyBranchTest()" classname="SILab2Test" time="0.039"/>
  <testcase name="multipleConditionTest()" classname="SILab2Test" time="0.003"/>
  <system-out><![CDATA[]]></system-out>
  <system-err><![CDATA[]]></system-err>
</testsuite>
